  stdafx.cpp
c:\program files (x86)\microsoft directx sdk (june 2010)\include\xnamath.h(2662): warning C4838: 'unsigned int'에서 'INT'(으)로의 변환에는 축소 변환이 필요합니다.
c:\program files (x86)\microsoft directx sdk (june 2010)\include\xnamath.h(2663): warning C4838: 'unsigned int'에서 'INT'(으)로의 변환에는 축소 변환이 필요합니다.
c:\program files (x86)\microsoft directx sdk (june 2010)\include\xnamath.h(2664): warning C4838: 'unsigned int'에서 'INT'(으)로의 변환에는 축소 변환이 필요합니다.
c:\program files (x86)\microsoft directx sdk (june 2010)\include\xnamath.h(2665): warning C4838: 'unsigned int'에서 'INT'(으)로의 변환에는 축소 변환이 필요합니다.
c:\program files (x86)\microsoft directx sdk (june 2010)\include\xnamath.h(2666): warning C4838: 'unsigned int'에서 'INT'(으)로의 변환에는 축소 변환이 필요합니다.
c:\program files (x86)\microsoft directx sdk (june 2010)\include\xnamath.h(2667): warning C4838: 'unsigned int'에서 'INT'(으)로의 변환에는 축소 변환이 필요합니다.
c:\program files (x86)\microsoft directx sdk (june 2010)\include\xnamath.h(2668): warning C4838: 'unsigned int'에서 'INT'(으)로의 변환에는 축소 변환이 필요합니다.
c:\program files (x86)\microsoft directx sdk (june 2010)\include\xnamath.h(2689): warning C4838: 'unsigned int'에서 'INT'(으)로의 변환에는 축소 변환이 필요합니다.
c:\program files (x86)\microsoft directx sdk (june 2010)\include\xnamath.h(2690): warning C4838: 'unsigned int'에서 'INT'(으)로의 변환에는 축소 변환이 필요합니다.
c:\program files (x86)\microsoft directx sdk (june 2010)\include\xnamath.h(2691): warning C4838: 'unsigned int'에서 'INT'(으)로의 변환에는 축소 변환이 필요합니다.
c:\program files (x86)\microsoft directx sdk (june 2010)\include\xnamath.h(2694): warning C4838: 'unsigned int'에서 'INT'(으)로의 변환에는 축소 변환이 필요합니다.
c:\program files (x86)\microsoft directx sdk (june 2010)\include\xnamath.h(2695): warning C4838: 'unsigned int'에서 'INT'(으)로의 변환에는 축소 변환이 필요합니다.
c:\program files (x86)\microsoft directx sdk (june 2010)\include\xnamath.h(2698): warning C4838: 'unsigned int'에서 'INT'(으)로의 변환에는 축소 변환이 필요합니다.
c:\program files (x86)\microsoft directx sdk (june 2010)\include\xnamath.h(2702): warning C4838: 'unsigned int'에서 'INT'(으)로의 변환에는 축소 변환이 필요합니다.
c:\program files (x86)\microsoft directx sdk (june 2010)\include\xnamath.h(2712): warning C4838: 'unsigned int'에서 'INT'(으)로의 변환에는 축소 변환이 필요합니다.
c:\program files (x86)\microsoft directx sdk (june 2010)\include\xnamath.h(2713): warning C4838: 'unsigned int'에서 'INT'(으)로의 변환에는 축소 변환이 필요합니다.
c:\program files (x86)\microsoft directx sdk (june 2010)\include\xnamath.h(2715): warning C4838: 'unsigned int'에서 'INT'(으)로의 변환에는 축소 변환이 필요합니다.
c:\program files (x86)\microsoft directx sdk (june 2010)\include\xnamath.h(2716): warning C4838: 'unsigned int'에서 'INT'(으)로의 변환에는 축소 변환이 필요합니다.
c:\program files (x86)\microsoft directx sdk (june 2010)\include\xnamath.h(2717): warning C4838: 'unsigned int'에서 'INT'(으)로의 변환에는 축소 변환이 필요합니다.
c:\program files (x86)\microsoft directx sdk (june 2010)\include\xnamath.h(2727): warning C4838: 'unsigned int'에서 'INT'(으)로의 변환에는 축소 변환이 필요합니다.
c:\program files (x86)\microsoft directx sdk (june 2010)\include\xnamath.h(2728): warning C4838: 'unsigned int'에서 'INT'(으)로의 변환에는 축소 변환이 필요합니다.
c:\program files (x86)\microsoft directx sdk (june 2010)\include\xnamath.h(2729): warning C4838: 'unsigned int'에서 'INT'(으)로의 변환에는 축소 변환이 필요합니다.
c:\program files (x86)\microsoft directx sdk (june 2010)\include\xnamath.h(2730): warning C4838: 'unsigned int'에서 'INT'(으)로의 변환에는 축소 변환이 필요합니다.
c:\program files (x86)\microsoft directx sdk (june 2010)\include\xnamath.h(2731): warning C4838: 'unsigned int'에서 'INT'(으)로의 변환에는 축소 변환이 필요합니다.
c:\program files (x86)\microsoft directx sdk (june 2010)\include\xnamath.h(2732): warning C4838: 'unsigned int'에서 'INT'(으)로의 변환에는 축소 변환이 필요합니다.
c:\program files (x86)\microsoft directx sdk (june 2010)\include\xnamath.h(2742): warning C4838: 'unsigned int'에서 'INT'(으)로의 변환에는 축소 변환이 필요합니다.
c:\program files (x86)\microsoft directx sdk (june 2010)\include\xnamath.h(2743): warning C4838: 'unsigned int'에서 'INT'(으)로의 변환에는 축소 변환이 필요합니다.
c:\program files (x86)\microsoft directx sdk (june 2010)\include\xnamath.h(2754): warning C4838: 'unsigned int'에서 'INT'(으)로의 변환에는 축소 변환이 필요합니다.
c:\program files (x86)\microsoft directx sdk (june 2010)\include\xnamathconvert.inl(2254): warning C4838: 'unsigned int'에서 'INT'(으)로의 변환에는 축소 변환이 필요합니다.
c:\program files (x86)\microsoft directx sdk (june 2010)\include\xnamathconvert.inl(4523): warning C4838: 'unsigned int'에서 'INT'(으)로의 변환에는 축소 변환이 필요합니다.
c:\program files (x86)\microsoft directx sdk (june 2010)\include\xnamathconvert.inl(4577): warning C4838: 'unsigned int'에서 'INT'(으)로의 변환에는 축소 변환이 필요합니다.
c:\program files (x86)\microsoft directx sdk (june 2010)\include\xnamathconvert.inl(4639): warning C4838: 'unsigned int'에서 'INT'(으)로의 변환에는 축소 변환이 필요합니다.
c:\program files (x86)\microsoft directx sdk (june 2010)\include\xnamathconvert.inl(4707): warning C4838: 'unsigned int'에서 'INT'(으)로의 변환에는 축소 변환이 필요합니다.
c:\program files (x86)\microsoft directx sdk (june 2010)\include\xnamathconvert.inl(4770): warning C4838: 'unsigned int'에서 'INT'(으)로의 변환에는 축소 변환이 필요합니다.
c:\program files (x86)\microsoft directx sdk (june 2010)\include\xnamathconvert.inl(4832): warning C4838: 'unsigned int'에서 'INT'(으)로의 변환에는 축소 변환이 필요합니다.
c:\program files (x86)\microsoft directx sdk (june 2010)\include\xnamathvector.inl(1269): warning C4838: 'unsigned int'에서 'INT'(으)로의 변환에는 축소 변환이 필요합니다.
c:\program files (x86)\microsoft directx sdk (june 2010)\include\xnamathmisc.inl(518): warning C4838: 'unsigned int'에서 'INT'(으)로의 변환에는 축소 변환이 필요합니다.
c:\program files (x86)\microsoft directx sdk (june 2010)\include\xnamathmisc.inl(519): warning C4838: 'unsigned int'에서 'INT'(으)로의 변환에는 축소 변환이 필요합니다.
  cBoundingBox.cpp
  cCamera.cpp
c:\users\user\source\repos\tera\tera\ccamera.cpp(105): warning C4244: '인수': 'int'에서 'FLOAT'(으)로 변환하면서 데이터가 손실될 수 있습니다.
  cCube.cpp
c:\users\user\source\repos\tera\tera\boundingbox\cube\ccube.cpp(93): warning C4267: '인수': 'size_t'에서 'UINT'(으)로 변환하면서 데이터가 손실될 수 있습니다.
  cPlayerHpBar.cpp
  cStaticMeshManager.cpp
  cSceneBossLoading.cpp
  cSceneDGLoading.cpp
  cSceneLobbyLoading.cpp
  cSceneTownLoading.cpp
  cImageManager.cpp
  cSprite.cpp
c:\users\user\source\repos\tera\tera\sprite\csprite.cpp(44): warning C4244: '인수': 'UINT'에서 'FLOAT'(으)로 변환하면서 데이터가 손실될 수 있습니다.
  cProgressBar.cpp
c:\users\user\source\repos\tera\tera\progressbar\cprogressbar.cpp(20): warning C4244: '=': 'float'에서 'int'(으)로 변환하면서 데이터가 손실될 수 있습니다.
c:\users\user\source\repos\tera\tera\progressbar\cprogressbar.cpp(21): warning C4244: '=': 'float'에서 'int'(으)로 변환하면서 데이터가 손실될 수 있습니다.
c:\users\user\source\repos\tera\tera\progressbar\cprogressbar.cpp(23): warning C4244: '인수': 'float'에서 'int'(으)로 변환하면서 데이터가 손실될 수 있습니다.
c:\users\user\source\repos\tera\tera\progressbar\cprogressbar.cpp(50): warning C4244: '인수': 'int'에서 'FLOAT'(으)로 변환하면서 데이터가 손실될 수 있습니다.
c:\users\user\source\repos\tera\tera\progressbar\cprogressbar.cpp(53): warning C4244: '인수': 'int'에서 'FLOAT'(으)로 변환하면서 데이터가 손실될 수 있습니다.
c:\users\user\source\repos\tera\tera\progressbar\cprogressbar.cpp(60): warning C4244: '=': 'float'에서 'int'(으)로 변환하면서 데이터가 손실될 수 있습니다.
  cSceneDG.cpp
  cLoading.cpp
c:\users\user\source\repos\tera\tera\loading\cloading.cpp(82): warning C4244: '인수': 'float'에서 'int'(으)로 변환하면서 데이터가 손실될 수 있습니다.
c:\users\user\source\repos\tera\tera\loading\cloading.cpp(98): warning C4244: '인수': 'UINT'에서 'FLOAT'(으)로 변환하면서 데이터가 손실될 수 있습니다.
c:\users\user\source\repos\tera\tera\loading\cloading.cpp(179): warning C4244: '인수': 'unsigned __int64'에서 'float'(으)로 변환하면서 데이터가 손실될 수 있습니다.
c:\users\user\source\repos\tera\tera\loading\cloading.cpp(179): warning C4244: '인수': 'int'에서 'float'(으)로 변환하면서 데이터가 손실될 수 있습니다.
c:\users\user\source\repos\tera\tera\loading\cloading.cpp(152): warning C4101: 'img' :참조되지 않은 지역 변수입니다.
  cSceneBoss.cpp
  cSceneLobby.cpp
  cSceneMain.cpp
c:\users\user\source\repos\tera\tera\scene\01_mainscene\cscenemain.cpp(63): warning C4244: '인수': 'UINT'에서 'FLOAT'(으)로 변환하면서 데이터가 손실될 수 있습니다.
c:\users\user\source\repos\tera\tera\scene\01_mainscene\cscenemain.cpp(64): warning C4244: '인수': 'UINT'에서 'FLOAT'(으)로 변환하면서 데이터가 손실될 수 있습니다.
  cSceneTown.cpp
  cSkinnedMeshManager.cpp
  cDummyObj.cpp
  코드를 생성하고 있습니다...
  컴파일하고 있습니다...
  cObjectManager.cpp
  cSpere.cpp
  cWeapon01.cpp
  cWeapon02.cpp
  cWeapon03.cpp
  cMemoryLeak.cpp
  cUIImageView.cpp
  cUITextView.cpp
  cUIButton.cpp
  cUIObject.cpp
  cItemBase.cpp
  cWeapon00.cpp
  cXLoader.cpp
c:\users\user\source\repos\tera\tera\xmesh\cxloader.cpp(54): warning C4474: 'sprintf_s' : 서식 문자열에 전달된 인수가 너무 많습니다.
  c:\users\user\source\repos\tera\tera\xmesh\cxloader.cpp(54): note: 자리 표시자 및 해당 매개 변수에는 variadic 인수가 2개 필요하지만 3개가 제공되었습니다.
  cXMesh.cpp
c:\users\user\source\repos\tera\tera\xmesh\cxmesh.cpp(25): warning C4267: '인수': 'size_t'에서 'DWORD'(으)로 변환하면서 데이터가 손실될 수 있습니다.
  cCharacterClass03.cpp
c:\users\user\source\repos\tera\tera\gameobject\character\ccharacterclass03.cpp(283): warning C4553: '==': 식의 결과가 사용되지 않습니다. '='을(를) 의도했습니까?
c:\users\user\source\repos\tera\tera\gameobject\character\ccharacterclass03.cpp(312): warning C4244: '=': 'double'에서 'float'(으)로 변환하면서 데이터가 손실될 수 있습니다.
c:\users\user\source\repos\tera\tera\gameobject\character\ccharacterclass03.cpp(325): warning C4244: '=': 'double'에서 'float'(으)로 변환하면서 데이터가 손실될 수 있습니다.
c:\users\user\source\repos\tera\tera\gameobject\character\ccharacterclass03.cpp(344): warning C4244: '=': 'double'에서 'float'(으)로 변환하면서 데이터가 손실될 수 있습니다.
  cGameObject.cpp
  cCharacter.cpp
c:\users\user\source\repos\tera\tera\gameobject\character\ccharacter.cpp(41): warning C4244: '인수': 'float'에서 'int'(으)로 변환하면서 데이터가 손실될 수 있습니다.
c:\users\user\source\repos\tera\tera\gameobject\character\ccharacter.cpp(46): warning C4244: '인수': 'float'에서 'int'(으)로 변환하면서 데이터가 손실될 수 있습니다.
  cGrid.cpp
c:\users\user\source\repos\tera\tera\cgrid.cpp(28): warning C4244: '인수': 'int'에서 'FLOAT'(으)로 변환하면서 데이터가 손실될 수 있습니다.
c:\users\user\source\repos\tera\tera\cgrid.cpp(30): warning C4244: '인수': 'int'에서 'FLOAT'(으)로 변환하면서 데이터가 손실될 수 있습니다.
c:\users\user\source\repos\tera\tera\cgrid.cpp(33): warning C4244: '인수': 'int'에서 'FLOAT'(으)로 변환하면서 데이터가 손실될 수 있습니다.
c:\users\user\source\repos\tera\tera\cgrid.cpp(35): warning C4244: '인수': 'int'에서 'FLOAT'(으)로 변환하면서 데이터가 손실될 수 있습니다.
c:\users\user\source\repos\tera\tera\cgrid.cpp(38): warning C4244: '인수': 'int'에서 'FLOAT'(으)로 변환하면서 데이터가 손실될 수 있습니다.
c:\users\user\source\repos\tera\tera\cgrid.cpp(40): warning C4244: '인수': 'int'에서 'FLOAT'(으)로 변환하면서 데이터가 손실될 수 있습니다.
c:\users\user\source\repos\tera\tera\cgrid.cpp(43): warning C4244: '인수': 'int'에서 'FLOAT'(으)로 변환하면서 데이터가 손실될 수 있습니다.
c:\users\user\source\repos\tera\tera\cgrid.cpp(45): warning C4244: '인수': 'int'에서 'FLOAT'(으)로 변환하면서 데이터가 손실될 수 있습니다.
c:\users\user\source\repos\tera\tera\cgrid.cpp(68): warning C4267: '인수': 'size_t'에서 'UINT'(으)로 변환하면서 데이터가 손실될 수 있습니다.
  cCharaPopori.cpp
c:\users\user\source\repos\tera\tera\gameobject\character\player\ccharapopori.cpp(31): warning C4101: 'pSkinnedMesh' :참조되지 않은 지역 변수입니다.
c:\users\user\source\repos\tera\tera\gameobject\character\player\ccharapopori.cpp(87): warning C4305: '=': 'double'에서 'float'(으)로 잘립니다.
c:\users\user\source\repos\tera\tera\gameobject\character\player\ccharapopori.cpp(183): warning C4267: '인수': 'size_t'에서 'INT'(으)로 변환하면서 데이터가 손실될 수 있습니다.
  cAllocateHierarchy.cpp
c:\users\user\source\repos\tera\tera\skinnedmesh\callocatehierarchy.cpp(27): warning C4267: '초기화 중': 'size_t'에서 'UINT'(으)로 변환하면서 데이터가 손실될 수 있습니다.
c:\users\user\source\repos\tera\tera\skinnedmesh\callocatehierarchy.cpp(148): warning C4267: '=': 'size_t'에서 'UINT'(으)로 변환하면서 데이터가 손실될 수 있습니다.
  코드를 생성하고 있습니다...
  컴파일하고 있습니다...
  cSkinnedMesh.cpp
c:\users\user\source\repos\tera\tera\skinnedmesh\cskinnedmesh.cpp(406): warning C4244: '초기화 중': 'DOUBLE'에서 'float'(으)로 변환하면서 데이터가 손실될 수 있습니다.
c:\users\user\source\repos\tera\tera\skinnedmesh\cskinnedmesh.cpp(407): warning C4244: '초기화 중': 'double'에서 'float'(으)로 변환하면서 데이터가 손실될 수 있습니다.
c:\users\user\source\repos\tera\tera\skinnedmesh\cskinnedmesh.cpp(411): warning C4244: '초기화 중': 'float'에서 'int'(으)로 변환하면서 데이터가 손실될 수 있습니다.
c:\users\user\source\repos\tera\tera\skinnedmesh\cskinnedmesh.cpp(412): warning C4244: '초기화 중': 'float'에서 'int'(으)로 변환하면서 데이터가 손실될 수 있습니다.
c:\users\user\source\repos\tera\tera\skinnedmesh\cskinnedmesh.cpp(426): warning C4244: 'return': 'DOUBLE'에서 'float'(으)로 변환하면서 데이터가 손실될 수 있습니다.
  cSceneTest.cpp
  cKeyManager.cpp
  cSceneManager.cpp
  cSoundManager.cpp
  cTextureManager.cpp
  cTimeManager.cpp
c:\users\user\source\repos\tera\tera\manager\ctimemanager.cpp(61): warning C4267: '인수': 'size_t'에서 'INT'(으)로 변환하면서 데이터가 손실될 수 있습니다.
  cDeviceManager.cpp
  cFontManager.cpp
  cGameNode.cpp
  cMainGame.cpp
  Tera.cpp
  코드를 생성하고 있습니다...
cBoundingBox.obj : error LNK2019: D3DXVec3Normalize 외부 기호(참조 위치: "public: struct ST_OBB __cdecl cBoundingBox::GetOBB(void)" (?GetOBB@cBoundingBox@@QEAA?AUST_OBB@@XZ) 함수)에서 확인하지 못했습니다.
cCamera.obj : error LNK2001: D3DXVec3Normalize 외부 기호를 확인할 수 없습니다.
cMainGame.obj : error LNK2001: D3DXVec3Normalize 외부 기호를 확인할 수 없습니다.
cBoundingBox.obj : error LNK2019: D3DXVec3TransformCoord 외부 기호(참조 위치: "public: struct ST_OBB __cdecl cBoundingBox::GetOBB(void)" (?GetOBB@cBoundingBox@@QEAA?AUST_OBB@@XZ) 함수)에서 확인하지 못했습니다.
cCamera.obj : error LNK2001: D3DXVec3TransformCoord 외부 기호를 확인할 수 없습니다.
cObjectManager.obj : error LNK2001: D3DXVec3TransformCoord 외부 기호를 확인할 수 없습니다.
cCamera.obj : error LNK2019: D3DXMatrixTranslation 외부 기호(참조 위치: "public: void __cdecl cCamera::Update(struct D3DXVECTOR3)" (?Update@cCamera@@QEAAXUD3DXVECTOR3@@@Z) 함수)에서 확인하지 못했습니다.
cDummyObj.obj : error LNK2001: D3DXMatrixTranslation 외부 기호를 확인할 수 없습니다.
cCharacterClass03.obj : error LNK2001: D3DXMatrixTranslation 외부 기호를 확인할 수 없습니다.
cCamera.obj : error LNK2019: D3DXMatrixRotationY 외부 기호(참조 위치: "public: void __cdecl cCamera::Update(struct D3DXVECTOR3)" (?Update@cCamera@@QEAAXUD3DXVECTOR3@@@Z) 함수)에서 확인하지 못했습니다.
cCharacterClass03.obj : error LNK2001: D3DXMatrixRotationY 외부 기호를 확인할 수 없습니다.
cCamera.obj : error LNK2019: D3DXMatrixLookAtLH 외부 기호(참조 위치: "public: void __cdecl cCamera::Update(struct D3DXVECTOR3)" (?Update@cCamera@@QEAAXUD3DXVECTOR3@@@Z) 함수)에서 확인하지 못했습니다.
cCamera.obj : error LNK2019: D3DXMatrixPerspectiveFovLH 외부 기호(참조 위치: "public: void __cdecl cCamera::Setup(void)" (?Setup@cCamera@@QEAAXXZ) 함수)에서 확인하지 못했습니다.
cSprite.obj : error LNK2019: D3DXCreateSprite 외부 기호(참조 위치: "public: __cdecl cSprite::cSprite(void)" (??0cSprite@@QEAA@XZ) 함수)에서 확인하지 못했습니다.
cSpere.obj : error LNK2019: D3DXCreateSphere 외부 기호(참조 위치: "public: void __cdecl cSpere::Setup(struct D3DXVECTOR3,float)" (?Setup@cSpere@@QEAAXUD3DXVECTOR3@@M@Z) 함수)에서 확인하지 못했습니다.
cXLoader.obj : error LNK2019: D3DXLoadMeshFromXW 외부 기호(참조 위치: "public: class cXMesh * __cdecl cXLoader::xFimeLoad(char const *)" (?xFimeLoad@cXLoader@@QEAAPEAVcXMesh@@PEBD@Z) 함수)에서 확인하지 못했습니다.
cCharacterClass03.obj : error LNK2019: D3DXVec3TransformNormal 외부 기호(참조 위치: "public: void __cdecl cCharacterClass03::Move(void)" (?Move@cCharacterClass03@@QEAAXXZ) 함수)에서 확인하지 못했습니다.
cCharacterClass03.obj : error LNK2019: D3DXMatrixMultiply 외부 기호(참조 위치: "public: struct D3DXMATRIX __cdecl D3DXMATRIX::operator*(struct D3DXMATRIX const &)const " (??DD3DXMATRIX@@QEBA?AU0@AEBU0@@Z) 함수)에서 확인하지 못했습니다.
cSkinnedMesh.obj : error LNK2001: D3DXMatrixMultiply 외부 기호를 확인할 수 없습니다.
cCharaPopori.obj : error LNK2019: D3DXFrameFind 외부 기호(참조 위치: "public: void __cdecl cCharaPopori::ChangeBody(void)" (?ChangeBody@cCharaPopori@@QEAAXXZ) 함수)에서 확인하지 못했습니다.
cSkinnedMesh.obj : error LNK2001: D3DXFrameFind 외부 기호를 확인할 수 없습니다.
cSkinnedMesh.obj : error LNK2019: D3DXLoadMeshHierarchyFromXW 외부 기호(참조 위치: "public: void __cdecl cSkinnedMesh::Setup(char const *,char const *)" (?Setup@cSkinnedMesh@@QEAAXPEBD0@Z) 함수)에서 확인하지 못했습니다.
cSkinnedMesh.obj : error LNK2019: D3DXFrameDestroy 외부 기호(참조 위치: "public: __cdecl cSkinnedMesh::~cSkinnedMesh(void)" (??1cSkinnedMesh@@QEAA@XZ) 함수)에서 확인하지 못했습니다.
cSoundManager.obj : error LNK2019: FMOD_System_Create 외부 기호(참조 위치: "enum FMOD_RESULT __cdecl FMOD::System_Create(class FMOD::System * *)" (?System_Create@FMOD@@YA?AW4FMOD_RESULT@@PEAPEAVSystem@1@@Z) 함수)에서 확인하지 못했습니다.
cSoundManager.obj : error LNK2019: "public: enum FMOD_RESULT __cdecl FMOD::System::release(void)" (?release@System@FMOD@@QEAA?AW4FMOD_RESULT@@XZ) 외부 기호(참조 위치: "public: void __cdecl cSoundManager::Release(void)" (?Release@cSoundManager@@QEAAXXZ) 함수)에서 확인하지 못했습니다.
cSoundManager.obj : error LNK2019: "public: enum FMOD_RESULT __cdecl FMOD::System::init(int,unsigned int,void *)" (?init@System@FMOD@@QEAA?AW4FMOD_RESULT@@HIPEAX@Z) 외부 기호(참조 위치: "public: void __cdecl cSoundManager::Setup(void)" (?Setup@cSoundManager@@QEAAXXZ) 함수)에서 확인하지 못했습니다.
cSoundManager.obj : error LNK2019: "public: enum FMOD_RESULT __cdecl FMOD::System::close(void)" (?close@System@FMOD@@QEAA?AW4FMOD_RESULT@@XZ) 외부 기호(참조 위치: "public: void __cdecl cSoundManager::Release(void)" (?Release@cSoundManager@@QEAAXXZ) 함수)에서 확인하지 못했습니다.
cSoundManager.obj : error LNK2019: "public: enum FMOD_RESULT __cdecl FMOD::System::update(void)" (?update@System@FMOD@@QEAA?AW4FMOD_RESULT@@XZ) 외부 기호(참조 위치: "public: void __cdecl cSoundManager::Update(void)" (?Update@cSoundManager@@QEAAXXZ) 함수)에서 확인하지 못했습니다.
cSoundManager.obj : error LNK2019: "public: enum FMOD_RESULT __cdecl FMOD::System::createSound(char const *,unsigned int,struct FMOD_CREATESOUNDEXINFO *,class FMOD::Sound * *)" (?createSound@System@FMOD@@QEAA?AW4FMOD_RESULT@@PEBDIPEAUFMOD_CREATESOUNDEXINFO@@PEAPEAVSound@2@@Z) 외부 기호(참조 위치: "public: void __cdecl cSoundManager::AddSound(class std::basic_string<char,struct std::char_traits<char>,class std::allocator<char> >,class std::basic_string<char,struct std::char_traits<char>,class std::allocator<char> >,bool,bool)" (?AddSound@cSoundManager@@QEAAXV?$basic_string@DU?$char_traits@D@std@@V?$allocator@D@2@@std@@0_N1@Z) 함수)에서 확인하지 못했습니다.
cSoundManager.obj : error LNK2019: "public: enum FMOD_RESULT __cdecl FMOD::System::createStream(char const *,unsigned int,struct FMOD_CREATESOUNDEXINFO *,class FMOD::Sound * *)" (?createStream@System@FMOD@@QEAA?AW4FMOD_RESULT@@PEBDIPEAUFMOD_CREATESOUNDEXINFO@@PEAPEAVSound@2@@Z) 외부 기호(참조 위치: "public: void __cdecl cSoundManager::AddSound(class std::basic_string<char,struct std::char_traits<char>,class std::allocator<char> >,class std::basic_string<char,struct std::char_traits<char>,class std::allocator<char> >,bool,bool)" (?AddSound@cSoundManager@@QEAAXV?$basic_string@DU?$char_traits@D@std@@V?$allocator@D@2@@std@@0_N1@Z) 함수)에서 확인하지 못했습니다.
cSoundManager.obj : error LNK2019: "public: enum FMOD_RESULT __cdecl FMOD::System::playSound(enum FMOD_CHANNELINDEX,class FMOD::Sound *,bool,class FMOD::Channel * *)" (?playSound@System@FMOD@@QEAA?AW4FMOD_RESULT@@W4FMOD_CHANNELINDEX@@PEAVSound@2@_NPEAPEAVChannel@2@@Z) 외부 기호(참조 위치: "public: void __cdecl cSoundManager::Play(class std::basic_string<char,struct std::char_traits<char>,class std::allocator<char> >,float)" (?Play@cSoundManager@@QEAAXV?$basic_string@DU?$char_traits@D@std@@V?$allocator@D@2@@std@@M@Z) 함수)에서 확인하지 못했습니다.
cSoundManager.obj : error LNK2019: "public: enum FMOD_RESULT __cdecl FMOD::Sound::release(void)" (?release@Sound@FMOD@@QEAA?AW4FMOD_RESULT@@XZ) 외부 기호(참조 위치: "public: void __cdecl cSoundManager::Release(void)" (?Release@cSoundManager@@QEAAXXZ) 함수)에서 확인하지 못했습니다.
cSoundManager.obj : error LNK2019: "public: enum FMOD_RESULT __cdecl FMOD::Channel::stop(void)" (?stop@Channel@FMOD@@QEAA?AW4FMOD_RESULT@@XZ) 외부 기호(참조 위치: "public: void __cdecl cSoundManager::AllStop(void)" (?AllStop@cSoundManager@@QEAAXXZ) 함수)에서 확인하지 못했습니다.
cSoundManager.obj : error LNK2019: "public: enum FMOD_RESULT __cdecl FMOD::Channel::setPaused(bool)" (?setPaused@Channel@FMOD@@QEAA?AW4FMOD_RESULT@@_N@Z) 외부 기호(참조 위치: "public: void __cdecl cSoundManager::Pause(class std::basic_string<char,struct std::char_traits<char>,class std::allocator<char> >)" (?Pause@cSoundManager@@QEAAXV?$basic_string@DU?$char_traits@D@std@@V?$allocator@D@2@@std@@@Z) 함수)에서 확인하지 못했습니다.
cSoundManager.obj : error LNK2019: "public: enum FMOD_RESULT __cdecl FMOD::Channel::getPaused(bool *)" (?getPaused@Channel@FMOD@@QEAA?AW4FMOD_RESULT@@PEA_N@Z) 외부 기호(참조 위치: "public: bool __cdecl cSoundManager::IspauserSound(class std::basic_string<char,struct std::char_traits<char>,class std::allocator<char> >)" (?IspauserSound@cSoundManager@@QEAA_NV?$basic_string@DU?$char_traits@D@std@@V?$allocator@D@2@@std@@@Z) 함수)에서 확인하지 못했습니다.
cSoundManager.obj : error LNK2019: "public: enum FMOD_RESULT __cdecl FMOD::Channel::setVolume(float)" (?setVolume@Channel@FMOD@@QEAA?AW4FMOD_RESULT@@M@Z) 외부 기호(참조 위치: "public: void __cdecl cSoundManager::Play(class std::basic_string<char,struct std::char_traits<char>,class std::allocator<char> >,float)" (?Play@cSoundManager@@QEAAXV?$basic_string@DU?$char_traits@D@std@@V?$allocator@D@2@@std@@M@Z) 함수)에서 확인하지 못했습니다.
cSoundManager.obj : error LNK2019: "public: enum FMOD_RESULT __cdecl FMOD::Channel::isPlaying(bool *)" (?isPlaying@Channel@FMOD@@QEAA?AW4FMOD_RESULT@@PEA_N@Z) 외부 기호(참조 위치: "public: bool __cdecl cSoundManager::isPlaySound(class std::basic_string<char,struct std::char_traits<char>,class std::allocator<char> >)" (?isPlaySound@cSoundManager@@QEAA_NV?$basic_string@DU?$char_traits@D@std@@V?$allocator@D@2@@std@@@Z) 함수)에서 확인하지 못했습니다.
cTextureManager.obj : error LNK2019: D3DXCreateTextureFromFileExW 외부 기호(참조 위치: "public: void __cdecl cTextureManager::AddTexture(char const *)" (?AddTexture@cTextureManager@@QEAAXPEBD@Z) 함수)에서 확인하지 못했습니다.
cDeviceManager.obj : error LNK2019: Direct3DCreate9 외부 기호(참조 위치: "private: __cdecl cDeviceManager::cDeviceManager(void)" (??0cDeviceManager@@AEAA@XZ) 함수)에서 확인하지 못했습니다.
cFontManager.obj : error LNK2019: D3DXCreateFontIndirectW 외부 기호(참조 위치: "public: struct ID3DXFont * __cdecl cFontManager::GetFont(enum cFontManager::eFontType)" (?GetFont@cFontManager@@QEAAPEAUID3DXFont@@W4eFontType@1@@Z) 함수)에서 확인하지 못했습니다.
cMainGame.obj : error LNK2019: D3DXCreateTextureFromFileW 외부 기호(참조 위치: "public: virtual void __cdecl cMainGame::Setup(void)" (?Setup@cMainGame@@UEAAXXZ) 함수)에서 확인하지 못했습니다.
C:\Program Files (x86)\Microsoft DirectX SDK (June 2010)\Lib\x86\d3d9.lib : warning LNK4272: 'x86' 라이브러리 컴퓨터 종류가 'x64' 대상 컴퓨터 종류와 충돌합니다.
C:\Program Files (x86)\Microsoft DirectX SDK (June 2010)\Lib\x86\d3dx9.lib : warning LNK4272: 'x86' 라이브러리 컴퓨터 종류가 'x64' 대상 컴퓨터 종류와 충돌합니다.
lib\fmodex_vc.lib : warning LNK4272: 'x86' 라이브러리 컴퓨터 종류가 'x64' 대상 컴퓨터 종류와 충돌합니다.
C:\Users\user\source\repos\Tera\x64\Debug\Tera.exe : fatal error LNK1120: 32개의 확인할 수 없는 외부 참조입니다.
