  stdafx.cpp
c:\users\user\source\repos\tera\tera\stdafx.h(7): warning C4005: '_CRT_SECURE_NO_WARNINGS': 매크로 재정의
  c:\users\user\source\repos\tera\tera\stdafx.h(7): note: 명령줄 인수: '_CRT_SECURE_NO_WARNINGS'의 이전 정의를 참조하십시오.
c:\program files (x86)\microsoft directx sdk (june 2010)\include\xnamath.h(2662): warning C4838: 'unsigned int'에서 'INT'(으)로의 변환에는 축소 변환이 필요합니다.
c:\program files (x86)\microsoft directx sdk (june 2010)\include\xnamath.h(2663): warning C4838: 'unsigned int'에서 'INT'(으)로의 변환에는 축소 변환이 필요합니다.
c:\program files (x86)\microsoft directx sdk (june 2010)\include\xnamath.h(2664): warning C4838: 'unsigned int'에서 'INT'(으)로의 변환에는 축소 변환이 필요합니다.
c:\program files (x86)\microsoft directx sdk (june 2010)\include\xnamath.h(2665): warning C4838: 'unsigned int'에서 'INT'(으)로의 변환에는 축소 변환이 필요합니다.
c:\program files (x86)\microsoft directx sdk (june 2010)\include\xnamath.h(2666): warning C4838: 'unsigned int'에서 'INT'(으)로의 변환에는 축소 변환이 필요합니다.
c:\program files (x86)\microsoft directx sdk (june 2010)\include\xnamath.h(2667): warning C4838: 'unsigned int'에서 'INT'(으)로의 변환에는 축소 변환이 필요합니다.
c:\program files (x86)\microsoft directx sdk (june 2010)\include\xnamath.h(2668): warning C4838: 'unsigned int'에서 'INT'(으)로의 변환에는 축소 변환이 필요합니다.
c:\program files (x86)\microsoft directx sdk (june 2010)\include\xnamath.h(2689): warning C4838: 'unsigned int'에서 'INT'(으)로의 변환에는 축소 변환이 필요합니다.
c:\program files (x86)\microsoft directx sdk (june 2010)\include\xnamath.h(2690): warning C4838: 'unsigned int'에서 'INT'(으)로의 변환에는 축소 변환이 필요합니다.
c:\program files (x86)\microsoft directx sdk (june 2010)\include\xnamath.h(2691): warning C4838: 'unsigned int'에서 'INT'(으)로의 변환에는 축소 변환이 필요합니다.
c:\program files (x86)\microsoft directx sdk (june 2010)\include\xnamath.h(2694): warning C4838: 'unsigned int'에서 'INT'(으)로의 변환에는 축소 변환이 필요합니다.
c:\program files (x86)\microsoft directx sdk (june 2010)\include\xnamath.h(2695): warning C4838: 'unsigned int'에서 'INT'(으)로의 변환에는 축소 변환이 필요합니다.
c:\program files (x86)\microsoft directx sdk (june 2010)\include\xnamath.h(2698): warning C4838: 'unsigned int'에서 'INT'(으)로의 변환에는 축소 변환이 필요합니다.
c:\program files (x86)\microsoft directx sdk (june 2010)\include\xnamath.h(2702): warning C4838: 'unsigned int'에서 'INT'(으)로의 변환에는 축소 변환이 필요합니다.
c:\program files (x86)\microsoft directx sdk (june 2010)\include\xnamath.h(2712): warning C4838: 'unsigned int'에서 'INT'(으)로의 변환에는 축소 변환이 필요합니다.
c:\program files (x86)\microsoft directx sdk (june 2010)\include\xnamath.h(2713): warning C4838: 'unsigned int'에서 'INT'(으)로의 변환에는 축소 변환이 필요합니다.
c:\program files (x86)\microsoft directx sdk (june 2010)\include\xnamath.h(2715): warning C4838: 'unsigned int'에서 'INT'(으)로의 변환에는 축소 변환이 필요합니다.
c:\program files (x86)\microsoft directx sdk (june 2010)\include\xnamath.h(2716): warning C4838: 'unsigned int'에서 'INT'(으)로의 변환에는 축소 변환이 필요합니다.
c:\program files (x86)\microsoft directx sdk (june 2010)\include\xnamath.h(2717): warning C4838: 'unsigned int'에서 'INT'(으)로의 변환에는 축소 변환이 필요합니다.
c:\program files (x86)\microsoft directx sdk (june 2010)\include\xnamath.h(2727): warning C4838: 'unsigned int'에서 'INT'(으)로의 변환에는 축소 변환이 필요합니다.
c:\program files (x86)\microsoft directx sdk (june 2010)\include\xnamath.h(2728): warning C4838: 'unsigned int'에서 'INT'(으)로의 변환에는 축소 변환이 필요합니다.
c:\program files (x86)\microsoft directx sdk (june 2010)\include\xnamath.h(2729): warning C4838: 'unsigned int'에서 'INT'(으)로의 변환에는 축소 변환이 필요합니다.
c:\program files (x86)\microsoft directx sdk (june 2010)\include\xnamath.h(2730): warning C4838: 'unsigned int'에서 'INT'(으)로의 변환에는 축소 변환이 필요합니다.
c:\program files (x86)\microsoft directx sdk (june 2010)\include\xnamath.h(2731): warning C4838: 'unsigned int'에서 'INT'(으)로의 변환에는 축소 변환이 필요합니다.
c:\program files (x86)\microsoft directx sdk (june 2010)\include\xnamath.h(2732): warning C4838: 'unsigned int'에서 'INT'(으)로의 변환에는 축소 변환이 필요합니다.
c:\program files (x86)\microsoft directx sdk (june 2010)\include\xnamath.h(2742): warning C4838: 'unsigned int'에서 'INT'(으)로의 변환에는 축소 변환이 필요합니다.
c:\program files (x86)\microsoft directx sdk (june 2010)\include\xnamath.h(2743): warning C4838: 'unsigned int'에서 'INT'(으)로의 변환에는 축소 변환이 필요합니다.
c:\program files (x86)\microsoft directx sdk (june 2010)\include\xnamath.h(2754): warning C4838: 'unsigned int'에서 'INT'(으)로의 변환에는 축소 변환이 필요합니다.
c:\program files (x86)\microsoft directx sdk (june 2010)\include\xnamathconvert.inl(2254): warning C4838: 'unsigned int'에서 'INT'(으)로의 변환에는 축소 변환이 필요합니다.
c:\program files (x86)\microsoft directx sdk (june 2010)\include\xnamathconvert.inl(4523): warning C4838: 'unsigned int'에서 'INT'(으)로의 변환에는 축소 변환이 필요합니다.
c:\program files (x86)\microsoft directx sdk (june 2010)\include\xnamathconvert.inl(4577): warning C4838: 'unsigned int'에서 'INT'(으)로의 변환에는 축소 변환이 필요합니다.
c:\program files (x86)\microsoft directx sdk (june 2010)\include\xnamathconvert.inl(4639): warning C4838: 'unsigned int'에서 'INT'(으)로의 변환에는 축소 변환이 필요합니다.
c:\program files (x86)\microsoft directx sdk (june 2010)\include\xnamathconvert.inl(4707): warning C4838: 'unsigned int'에서 'INT'(으)로의 변환에는 축소 변환이 필요합니다.
c:\program files (x86)\microsoft directx sdk (june 2010)\include\xnamathconvert.inl(4770): warning C4838: 'unsigned int'에서 'INT'(으)로의 변환에는 축소 변환이 필요합니다.
c:\program files (x86)\microsoft directx sdk (june 2010)\include\xnamathconvert.inl(4832): warning C4838: 'unsigned int'에서 'INT'(으)로의 변환에는 축소 변환이 필요합니다.
c:\program files (x86)\microsoft directx sdk (june 2010)\include\xnamathvector.inl(1269): warning C4838: 'unsigned int'에서 'INT'(으)로의 변환에는 축소 변환이 필요합니다.
c:\program files (x86)\microsoft directx sdk (june 2010)\include\xnamathmisc.inl(518): warning C4838: 'unsigned int'에서 'INT'(으)로의 변환에는 축소 변환이 필요합니다.
c:\program files (x86)\microsoft directx sdk (june 2010)\include\xnamathmisc.inl(519): warning C4838: 'unsigned int'에서 'INT'(으)로의 변환에는 축소 변환이 필요합니다.
  cBoundingBox.cpp
  cCamera.cpp
c:\users\user\source\repos\tera\tera\ccamera.cpp(105): warning C4244: '인수': 'int'에서 'FLOAT'(으)로 변환하면서 데이터가 손실될 수 있습니다.
  cCube.cpp
  cMonster.cpp
  cMonster01.cpp
  cPlayerHpBar.cpp
  cStaticMeshManager.cpp
  cSceneBossLoading.cpp
  cSceneDGLoading.cpp
  cSceneLobbyLoading.cpp
  cSceneTownLoading.cpp
  cImageManager.cpp
  cSprite.cpp
c:\users\user\source\repos\tera\tera\sprite\csprite.cpp(44): warning C4244: '인수': 'UINT'에서 'FLOAT'(으)로 변환하면서 데이터가 손실될 수 있습니다.
  cProgressBar.cpp
c:\users\user\source\repos\tera\tera\progressbar\cprogressbar.cpp(20): warning C4244: '=': 'float'에서 'int'(으)로 변환하면서 데이터가 손실될 수 있습니다.
c:\users\user\source\repos\tera\tera\progressbar\cprogressbar.cpp(21): warning C4244: '=': 'float'에서 'int'(으)로 변환하면서 데이터가 손실될 수 있습니다.
c:\users\user\source\repos\tera\tera\progressbar\cprogressbar.cpp(23): warning C4244: '인수': 'float'에서 'int'(으)로 변환하면서 데이터가 손실될 수 있습니다.
c:\users\user\source\repos\tera\tera\progressbar\cprogressbar.cpp(50): warning C4244: '인수': 'int'에서 'FLOAT'(으)로 변환하면서 데이터가 손실될 수 있습니다.
c:\users\user\source\repos\tera\tera\progressbar\cprogressbar.cpp(53): warning C4244: '인수': 'int'에서 'FLOAT'(으)로 변환하면서 데이터가 손실될 수 있습니다.
c:\users\user\source\repos\tera\tera\progressbar\cprogressbar.cpp(60): warning C4244: '=': 'float'에서 'int'(으)로 변환하면서 데이터가 손실될 수 있습니다.
  cSceneDG.cpp
  cLoading.cpp
c:\users\user\source\repos\tera\tera\loading\cloading.cpp(82): warning C4244: '인수': 'float'에서 'int'(으)로 변환하면서 데이터가 손실될 수 있습니다.
c:\users\user\source\repos\tera\tera\loading\cloading.cpp(98): warning C4244: '인수': 'UINT'에서 'FLOAT'(으)로 변환하면서 데이터가 손실될 수 있습니다.
c:\users\user\source\repos\tera\tera\loading\cloading.cpp(145): warning C4018: '>=': signed 또는 unsigned가 일치하지 않습니다.
c:\users\user\source\repos\tera\tera\loading\cloading.cpp(179): warning C4244: '인수': 'unsigned int'에서 'float'(으)로 변환하면서 데이터가 손실될 수 있습니다.
c:\users\user\source\repos\tera\tera\loading\cloading.cpp(179): warning C4244: '인수': 'int'에서 'float'(으)로 변환하면서 데이터가 손실될 수 있습니다.
c:\users\user\source\repos\tera\tera\loading\cloading.cpp(152): warning C4101: 'img' :참조되지 않은 지역 변수입니다.
  cSceneBoss.cpp
  cSceneLobby.cpp
  cSceneMain.cpp
c:\users\user\source\repos\tera\tera\scene\01_mainscene\cscenemain.cpp(63): warning C4244: '인수': 'UINT'에서 'FLOAT'(으)로 변환하면서 데이터가 손실될 수 있습니다.
c:\users\user\source\repos\tera\tera\scene\01_mainscene\cscenemain.cpp(64): warning C4244: '인수': 'UINT'에서 'FLOAT'(으)로 변환하면서 데이터가 손실될 수 있습니다.
  cSceneTown.cpp
  코드를 생성하고 있습니다...
  컴파일하고 있습니다...
  cSkinnedMeshManager.cpp
  cDummyObj.cpp
  cObjectManager.cpp
c:\users\user\source\repos\tera\tera\manager\cobjectmanager.cpp(41): warning C4018: '<': signed 또는 unsigned가 일치하지 않습니다.
  cSpere.cpp
  cWeapon01.cpp
  cWeapon02.cpp
  cWeapon03.cpp
  cMemoryLeak.cpp
  cUIImageView.cpp
  cUITextView.cpp
  cUIButton.cpp
  cUIObject.cpp
  cItemBase.cpp
  cWeapon00.cpp
  cXLoader.cpp
c:\users\user\source\repos\tera\tera\xmesh\cxloader.cpp(54): warning C4474: 'sprintf_s' : 서식 문자열에 전달된 인수가 너무 많습니다.
  c:\users\user\source\repos\tera\tera\xmesh\cxloader.cpp(54): note: 자리 표시자 및 해당 매개 변수에는 variadic 인수가 2개 필요하지만 3개가 제공되었습니다.
  cXMesh.cpp
  cCharacterClass03.cpp
c:\users\user\source\repos\tera\tera\gameobject\character\ccharacterclass03.cpp(283): warning C4553: '==': 식의 결과가 사용되지 않습니다. '='을(를) 의도했습니까?
c:\users\user\source\repos\tera\tera\gameobject\character\ccharacterclass03.cpp(312): warning C4244: '=': 'double'에서 'float'(으)로 변환하면서 데이터가 손실될 수 있습니다.
c:\users\user\source\repos\tera\tera\gameobject\character\ccharacterclass03.cpp(325): warning C4244: '=': 'double'에서 'float'(으)로 변환하면서 데이터가 손실될 수 있습니다.
c:\users\user\source\repos\tera\tera\gameobject\character\ccharacterclass03.cpp(344): warning C4244: '=': 'double'에서 'float'(으)로 변환하면서 데이터가 손실될 수 있습니다.
  cGameObject.cpp
  cCharacter.cpp
c:\users\user\source\repos\tera\tera\gameobject\character\ccharacter.cpp(58): warning C4244: '인수': 'float'에서 'int'(으)로 변환하면서 데이터가 손실될 수 있습니다.
c:\users\user\source\repos\tera\tera\gameobject\character\ccharacter.cpp(65): warning C4244: '인수': 'float'에서 'int'(으)로 변환하면서 데이터가 손실될 수 있습니다.
  cGrid.cpp
c:\users\user\source\repos\tera\tera\cgrid.cpp(28): warning C4244: '인수': 'int'에서 'FLOAT'(으)로 변환하면서 데이터가 손실될 수 있습니다.
c:\users\user\source\repos\tera\tera\cgrid.cpp(30): warning C4244: '인수': 'int'에서 'FLOAT'(으)로 변환하면서 데이터가 손실될 수 있습니다.
c:\users\user\source\repos\tera\tera\cgrid.cpp(33): warning C4244: '인수': 'int'에서 'FLOAT'(으)로 변환하면서 데이터가 손실될 수 있습니다.
c:\users\user\source\repos\tera\tera\cgrid.cpp(35): warning C4244: '인수': 'int'에서 'FLOAT'(으)로 변환하면서 데이터가 손실될 수 있습니다.
c:\users\user\source\repos\tera\tera\cgrid.cpp(38): warning C4244: '인수': 'int'에서 'FLOAT'(으)로 변환하면서 데이터가 손실될 수 있습니다.
c:\users\user\source\repos\tera\tera\cgrid.cpp(40): warning C4244: '인수': 'int'에서 'FLOAT'(으)로 변환하면서 데이터가 손실될 수 있습니다.
c:\users\user\source\repos\tera\tera\cgrid.cpp(43): warning C4244: '인수': 'int'에서 'FLOAT'(으)로 변환하면서 데이터가 손실될 수 있습니다.
c:\users\user\source\repos\tera\tera\cgrid.cpp(45): warning C4244: '인수': 'int'에서 'FLOAT'(으)로 변환하면서 데이터가 손실될 수 있습니다.
  코드를 생성하고 있습니다...
  컴파일하고 있습니다...
  cCharaPopori.cpp
c:\users\user\source\repos\tera\tera\gameobject\character\player\ccharapopori.cpp(31): warning C4101: 'pSkinnedMesh' :참조되지 않은 지역 변수입니다.
c:\users\user\source\repos\tera\tera\gameobject\character\player\ccharapopori.cpp(87): warning C4305: '=': 'double'에서 'float'(으)로 잘립니다.
  cAllocateHierarchy.cpp
  cSkinnedMesh.cpp
c:\users\user\source\repos\tera\tera\skinnedmesh\cskinnedmesh.cpp(406): warning C4244: '초기화 중': 'DOUBLE'에서 'float'(으)로 변환하면서 데이터가 손실될 수 있습니다.
c:\users\user\source\repos\tera\tera\skinnedmesh\cskinnedmesh.cpp(407): warning C4244: '초기화 중': 'double'에서 'float'(으)로 변환하면서 데이터가 손실될 수 있습니다.
c:\users\user\source\repos\tera\tera\skinnedmesh\cskinnedmesh.cpp(411): warning C4244: '초기화 중': 'float'에서 'int'(으)로 변환하면서 데이터가 손실될 수 있습니다.
c:\users\user\source\repos\tera\tera\skinnedmesh\cskinnedmesh.cpp(412): warning C4244: '초기화 중': 'float'에서 'int'(으)로 변환하면서 데이터가 손실될 수 있습니다.
c:\users\user\source\repos\tera\tera\skinnedmesh\cskinnedmesh.cpp(426): warning C4244: 'return': 'DOUBLE'에서 'float'(으)로 변환하면서 데이터가 손실될 수 있습니다.
  cSceneTest.cpp
  cKeyManager.cpp
  cSceneManager.cpp
  cSoundManager.cpp
  cTextureManager.cpp
  cTimeManager.cpp
  cDeviceManager.cpp
  cFontManager.cpp
  cGameNode.cpp
  cMainGame.cpp
  Tera.cpp
  코드를 생성하고 있습니다...
  Tera.vcxproj -> C:\Users\user\source\repos\Tera\Debug\Tera.exe
